EM inversion with anisotropic earth model

Parameter order: resistivities, thicknesses, anisotropies,

                 calibration factors
1         pingo--1    24091972    20240611
 Number of iterations =     5
                    !!!!!!!!!!!!!!!!!!!!!!!!!!!!!!!!!!!!!!!!!!!!!

                    !     ATTENTION: Data-weights applied       !

                    !!!!!!!!!!!!!!!!!!!!!!!!!!!!!!!!!!!!!!!!!!!!!
 Standard error =  312.     percent
 Noise to signal ratio =  142.     percent
 General cross validation =  1.18    

 **************************************************
 *                                                *
 * Layer Thickness Parameter Sensitivity Analysis *
 *                                                *
 **************************************************
 Normalized Jacobian, or parameter influence,matrix.
 The entries are:   DELTA (data point) / DELTA (parameter)
 DATA PTS.  ROW NORMS    RES1   RES2   RES3   RES4   RES5
     1        ( 49.66)   -0.876      0.277     -0.146E-04 -0.162E-05 -0.811E-05
     2        ( 40.51)   -0.931      0.339     -0.495E-05 -0.198E-04  0.495E-05
     3        ( 35.85)   -0.689      0.295      0.416E-04  0.391E-04  0.318E-04
     4        ( 39.09)   -0.541      0.209     -0.114E-04 -0.172E-04 -0.858E-05
     5        ( 42.31)   -0.451      0.139     -0.115E-04 -0.491E-05 -0.147E-04
     6        ( 45.94)   -0.370      0.542E-01  0.435E-04  0.435E-04  0.217E-04
     7        ( 48.95)   -0.311     -0.373E-01  0.997E-04 -0.177E-04  0.101E-04
     8        ( 50.46)   -0.276     -0.112      0.341E-03 -0.792E-05   0.00    
     9        ( 52.00)   -0.254     -0.164      0.874E-03  0.134E-04 -0.766E-05
    10        ( 52.96)   -0.229     -0.231      0.220E-02  0.122E-03 -0.495E-05
    11        ( 52.74)   -0.203     -0.305      0.509E-02  0.567E-03  0.186E-04
    12        ( 51.74)   -0.183     -0.368      0.868E-02  0.144E-02  0.887E-05
    13        ( 51.90)   -0.171     -0.420      0.112E-01  0.270E-02   0.00    
    14        ( 51.66)   -0.156     -0.495      0.136E-01  0.501E-02  0.183E-05
    15        ( 51.00)   -0.142     -0.593      0.141E-01  0.869E-02 -0.258E-05
    16        ( 50.50)   -0.131     -0.680      0.119E-01  0.123E-01 -0.488E-04
    17        ( 51.64)   -0.124     -0.737      0.804E-02  0.145E-01  0.144E-04
    18        ( 53.90)   -0.115     -0.798      0.183E-02  0.163E-01  0.287E-04
    19        ( 56.96)   -0.105     -0.847     -0.702E-02  0.164E-01  0.550E-05
    20        ( 60.13)   -0.960E-01 -0.870     -0.151E-01  0.144E-01  0.952E-04
    21        ( 64.74)   -0.905E-01 -0.877     -0.208E-01  0.110E-01  0.118E-03
    22        ( 71.76)   -0.840E-01 -0.880     -0.278E-01  0.472E-02  0.250E-03
 DATA PTS.  ROW NORMS     H1     H2     H3     H4
     1        ( 49.66)    0.395     -0.162E-05 -0.292E-04   0.00    
     2        ( 40.51)    0.137      0.247E-05 -0.322E-04  0.247E-05
     3        ( 35.85)   -0.662      0.733E-05  0.269E-04  0.489E-05
     4        ( 39.09)   -0.814     -0.229E-04 -0.286E-05  0.286E-05
     5        ( 42.31)   -0.882     -0.442E-04  0.164E-05  0.164E-05
     6        ( 45.94)   -0.927     -0.243E-03  0.277E-04  0.198E-05
     7        ( 48.95)   -0.950     -0.186E-02  0.101E-04  0.505E-05
     8        ( 50.46)   -0.955     -0.684E-02   0.00      0.317E-05
     9        ( 52.00)   -0.953     -0.173E-01  0.192E-04  0.383E-05
    10        ( 52.96)   -0.945     -0.401E-01  0.111E-03  0.247E-05
    11        ( 52.74)   -0.927     -0.820E-01  0.393E-03  0.506E-05
    12        ( 51.74)   -0.903     -0.125      0.911E-03 -0.222E-05
    13        ( 51.90)   -0.879     -0.147      0.150E-02 -0.551E-05
    14        ( 51.66)   -0.839     -0.161      0.230E-02 -0.549E-05
    15        ( 51.00)   -0.780     -0.139      0.308E-02 -0.155E-04
    16        ( 50.50)   -0.716     -0.867E-01  0.348E-02 -0.384E-04
    17        ( 51.64)   -0.663     -0.296E-01  0.328E-02 -0.799E-04
    18        ( 53.90)   -0.589      0.512E-01  0.254E-02 -0.204E-03
    19        ( 56.96)   -0.499      0.150      0.824E-03 -0.740E-03
    20        ( 60.13)   -0.426      0.229     -0.133E-02 -0.185E-02
    21        ( 64.74)   -0.379      0.279     -0.317E-02 -0.343E-02
    22        ( 71.76)   -0.324      0.335     -0.571E-02 -0.601E-02
 Normalized singular values of Jacobian
     1.00      0.512      0.296      0.122      0.457E-02  0.617E-03  0.348E-03  0.409E-04  0.187E-04   0.00    
     0.00       0.00       0.00       0.00       0.00    
 Scale factor (SIGMA(1)) is  207.9617    
 The number of effective parameters is    3.677
 Parameter space eigenvectors (V matrix)
 Parameter order: resistivities, thicknesses, anisotropy coefficients, calibration factors
               EP1     EP2     EP3     EP4     EP5     EP6     EP7     EP8     EP9     EP10    EP11    EP12    EP13    EP14    EP15
  PAR 1   0.191  -0.414   0.876  -0.159   0.006  -0.000   0.002  -0.000   0.000   0.000   0.000   0.000   0.000   0.000   0.000
  PAR 2   0.558   0.765   0.194  -0.257   0.017  -0.000   0.006  -0.000   0.000  -0.000  -0.000  -0.000  -0.000  -0.000  -0.000
  PAR 3   0.001   0.015   0.020   0.084   0.454  -0.673  -0.403   0.407  -0.076   0.000   0.000   0.000   0.000   0.000   0.000
  PAR 4  -0.007  -0.010  -0.007   0.016   0.822   0.247   0.512  -0.002   0.004   0.000   0.000   0.000   0.000   0.000   0.000
  PAR 5  -0.000  -0.000  -0.000  -0.000  -0.008  -0.024   0.031  -0.182  -0.982   0.000   0.000   0.000   0.000   0.000   0.000
  PAR 6   0.807  -0.440  -0.352   0.177  -0.004   0.000  -0.001  -0.000  -0.000   0.000   0.000   0.000   0.000   0.000   0.000
  PAR 7  -0.033  -0.222  -0.268  -0.933   0.055  -0.052  -0.043   0.023  -0.004   0.000   0.000   0.000   0.000   0.000   0.000
  PAR 8  -0.000   0.002   0.003   0.017   0.277  -0.104  -0.399  -0.855   0.146   0.000   0.000   0.000   0.000   0.000   0.000
  PAR 9   0.001   0.003   0.003   0.009   0.194   0.687  -0.642   0.264  -0.088   0.000   0.000   0.000   0.000   0.000   0.000
  PAR 10   0.000   0.000   0.000   0.000   0.000   0.000   0.000   0.000   0.000   1.000   0.000   0.000   0.000   0.000   0.000
  PAR 11   0.000   0.000   0.000   0.000   0.000   0.000   0.000   0.000   0.000   0.000   1.000   0.000   0.000   0.000   0.000
  PAR 12   0.000   0.000   0.000   0.000   0.000   0.000   0.000   0.000   0.000   0.000   0.000   1.000   0.000   0.000   0.000
  PAR 13   0.000   0.000   0.000   0.000   0.000   0.000   0.000   0.000   0.000   0.000   0.000   0.000   1.000   0.000   0.000
  PAR 14   0.000   0.000   0.000   0.000   0.000   0.000   0.000   0.000   0.000   0.000   0.000   0.000   0.000   1.000   0.000
  PAR 15   0.000   0.000   0.000   0.000   0.000   0.000   0.000   0.000   0.000   0.000   0.000   0.000   0.000   0.000   1.000
 Damping factors (10.000 percent level)
              1.000   0.999   0.987   0.691   0.000   0.000   0.000   0.000   0.000   0.000   0.000   0.000   0.000   0.000   0.000
 Correlation matrix
    1     1.000   0.908  -0.420   0.810  -0.168  -0.741  -0.482   0.299  -0.519   0.000   0.000   0.000
          0.000   0.000   0.000
    2     0.908   1.000  -0.528   0.877  -0.207  -0.655  -0.594   0.397  -0.630   0.000   0.000   0.000
          0.000   0.000   0.000
    3    -0.420  -0.528   1.000  -0.201   0.294   0.062   0.995  -0.981   0.938   0.000   0.000   0.000
          0.000   0.000   0.000
    4     0.810   0.877  -0.201   1.000  -0.124  -0.555  -0.293   0.021  -0.272   0.000   0.000   0.000
          0.000   0.000   0.000
    5    -0.168  -0.207   0.294  -0.124   1.000   0.134   0.300  -0.269   0.498   0.000   0.000   0.000
          0.000   0.000   0.000
    6    -0.741  -0.655   0.062  -0.555   0.134   1.000   0.101   0.010   0.204   0.000   0.000   0.000
          0.000   0.000   0.000
    7    -0.482  -0.594   0.995  -0.293   0.300   0.101   1.000  -0.958   0.939   0.000   0.000   0.000
          0.000   0.000   0.000
    8     0.299   0.397  -0.981   0.021  -0.269   0.010  -0.958   1.000  -0.918   0.000   0.000   0.000
          0.000   0.000   0.000
    9    -0.519  -0.630   0.938  -0.272   0.498   0.204   0.939  -0.918   1.000   0.000   0.000   0.000
          0.000   0.000   0.000
   10     0.000   0.000   0.000   0.000   0.000   0.000   0.000   0.000   0.000   1.000   0.000   0.000
          0.000   0.000   0.000
   11     0.000   0.000   0.000   0.000   0.000   0.000   0.000   0.000   0.000   0.000   1.000   0.000
          0.000   0.000   0.000
   12     0.000   0.000   0.000   0.000   0.000   0.000   0.000   0.000   0.000   0.000   0.000   1.000
          0.000   0.000   0.000
   13     0.000   0.000   0.000   0.000   0.000   0.000   0.000   0.000   0.000   0.000   0.000   0.000
          1.000   0.000   0.000
   14     0.000   0.000   0.000   0.000   0.000   0.000   0.000   0.000   0.000   0.000   0.000   0.000
          0.000   1.000   0.000
   15     0.000   0.000   0.000   0.000   0.000   0.000   0.000   0.000   0.000   0.000   0.000   0.000
          0.000   0.000   1.000
 Damped error multipliers for transformed parameters
    0.481E-02  0.938E-02  0.160E-01  0.272E-01   0.00       0.00       0.00       0.00       0.00       0.00    
     0.00       0.00       0.00       0.00       0.00    
 Damping factors for original parameters
    0.983      0.981      0.630E-01  0.177E-01  0.306E-03  0.990      0.732      0.125E-01  0.723E-02   0.00    
     0.00       0.00       0.00       0.00       0.00    
 Back - transformed singular values
    0.386      0.685      0.144E-01  0.992E-02  0.994E-04  0.845      0.183      0.282E-02  0.240E-02   0.00    
     0.00       0.00       0.00       0.00       0.00    
 Damped Cramer-Rao multipliers for original parameters
    0.152E-01  0.108E-01  0.230E-02  0.452E-03  0.105E-04  0.933E-02  0.258E-01  0.475E-03  0.242E-03   0.00    
     0.00       0.00       0.00       0.00       0.00    

 **************************************
 *                                    *
 * "Error Bounds" for Layer Thickness *
 *                                    *
 **************************************
 pingo--1
   Layer resistivities  -  68 percent confidence interval (damped)
     I           RO(I)        BOUND(1)       BOUND(2)        IMPORTANCE
     1          17.5808        16.7638        18.4376         0.9831
     2           2.6650         2.5764         2.7566         0.9811
     3          13.9173        13.8177        14.0176         0.0630
     4          10.3206        10.3061        10.3352         0.0177
     5         100.6303       100.6270       100.6336         0.0003
   Layer thicknesses  -  68 percent confidence interval (damped)
     I           H(I)         BOUND(1)       BOUND(2)        IMPORTANCE
     1          11.5625        11.2304        11.9044         0.9898
     2          25.6085        23.6267        27.7566         0.7318
     3          15.1074        15.0850        15.1298         0.0125
     4          80.0259        79.9654        80.0865         0.0072
   anisotropy coefficients -  68 percent confidence interval (damped)
     I       ROv/ROh(I)       BOUND(1)       BOUND(2)        IMPORTANCE
     1           1.0000         1.0000         1.0000         0.0000
     2           1.0000         1.0000         1.0000         0.0000
     3           1.0000         1.0000         1.0000         0.0000
     4           1.0000         1.0000         1.0000         0.0000
     5           1.0000         1.0000         1.0000         0.0000

 ************************************************
 *                                              *
 * Depth to Base Parameter Sensitivity Analysis *
 *                                              *
 ************************************************
 Normalized Jacobian, or parameter influence,matrix.
 The entries are:   DELTA (data point) / DELTA (parameter)
 DATA PTS.  ROW NORMS    RES1   RES2   RES3   RES4   RES5
     1        ( 49.66)   -0.876      0.277     -0.146E-04 -0.162E-05 -0.811E-05
     2        ( 40.51)   -0.931      0.339     -0.495E-05 -0.198E-04  0.495E-05
     3        ( 35.85)   -0.689      0.295      0.416E-04  0.391E-04  0.318E-04
     4        ( 39.09)   -0.541      0.209     -0.114E-04 -0.172E-04 -0.858E-05
     5        ( 42.31)   -0.451      0.139     -0.115E-04 -0.491E-05 -0.147E-04
     6        ( 45.93)   -0.370      0.542E-01  0.435E-04  0.435E-04  0.217E-04
     7        ( 48.91)   -0.311     -0.373E-01  0.998E-04 -0.177E-04  0.101E-04
     8        ( 50.31)   -0.276     -0.112      0.342E-03 -0.794E-05   0.00    
     9        ( 51.62)   -0.256     -0.165      0.880E-03  0.135E-04 -0.772E-05
    10        ( 52.10)   -0.233     -0.235      0.223E-02  0.125E-03 -0.503E-05
    11        ( 51.15)   -0.209     -0.314      0.525E-02  0.585E-03  0.191E-04
    12        ( 49.62)   -0.191     -0.384      0.905E-02  0.151E-02  0.925E-05
    13        ( 49.59)   -0.179     -0.439      0.117E-01  0.282E-02   0.00    
    14        ( 49.41)   -0.163     -0.518      0.142E-01  0.524E-02  0.191E-05
    15        ( 49.19)   -0.147     -0.615      0.146E-01  0.901E-02 -0.267E-05
    16        ( 49.38)   -0.134     -0.696      0.121E-01  0.126E-01 -0.499E-04
    17        ( 51.23)   -0.125     -0.743      0.811E-02  0.146E-01  0.145E-04
    18        ( 54.70)   -0.114     -0.786      0.180E-02  0.161E-01  0.283E-04
    19        ( 59.64)   -0.999E-01 -0.809     -0.671E-02  0.157E-01  0.526E-05
    20        ( 64.74)   -0.891E-01 -0.808     -0.140E-01  0.133E-01  0.885E-04
    21        ( 71.04)   -0.824E-01 -0.800     -0.190E-01  0.100E-01  0.107E-03
    22        ( 80.54)   -0.749E-01 -0.784     -0.248E-01  0.421E-02  0.223E-03
 DATA PTS.  ROW NORMS     H1     H2     H3     H4
     1        ( 49.66)    0.395      0.695E-04 -0.101E-03   0.00    
     2        ( 40.51)    0.137      0.827E-04 -0.113E-03  0.409E-05
     3        ( 35.85)   -0.662     -0.555E-04  0.899E-04  0.808E-05
     4        ( 39.09)   -0.814     -0.262E-04 -0.118E-04  0.473E-05
     5        ( 42.31)   -0.882     -0.682E-04  0.460E-05  0.271E-05
     6        ( 45.93)   -0.927     -0.421E-03  0.945E-04  0.327E-05
     7        ( 48.91)   -0.950     -0.272E-02  0.317E-04  0.835E-05
     8        ( 50.31)   -0.954     -0.996E-02 -0.208E-05  0.525E-05
     9        ( 51.62)   -0.952     -0.253E-01  0.643E-04  0.638E-05
    10        ( 52.10)   -0.942     -0.595E-01  0.390E-03  0.416E-05
    11        ( 51.15)   -0.918     -0.124      0.140E-02  0.863E-05
    12        ( 49.62)   -0.883     -0.191      0.329E-02 -0.382E-05
    13        ( 49.59)   -0.850     -0.228      0.545E-02 -0.953E-05
    14        ( 49.41)   -0.802     -0.250      0.834E-02 -0.950E-05
    15        ( 49.19)   -0.744     -0.217      0.111E-01 -0.265E-04
    16        ( 49.38)   -0.692     -0.137      0.124E-01 -0.649E-04
    17        ( 51.23)   -0.655     -0.515E-01  0.115E-01 -0.133E-03
    18        ( 54.70)   -0.603      0.671E-01  0.880E-02 -0.332E-03
    19        ( 59.64)   -0.542      0.206      0.319E-02 -0.117E-02
    20        ( 64.74)   -0.492      0.312     -0.315E-02 -0.284E-02
    21        ( 71.04)   -0.460      0.376     -0.796E-02 -0.517E-02
    22        ( 80.54)   -0.424      0.446     -0.141E-01 -0.885E-02
 Normalized singular values of Jacobian
     1.00      0.497      0.293      0.178      0.570E-02  0.936E-03  0.475E-03  0.820E-04  0.187E-04   0.00    
     0.00       0.00       0.00       0.00       0.00    
 Scale factor (SIGMA(1)) is  211.1830    
 The number of effective parameters is    3.895
 Parameter space eigenvectors (V matrix)
 Parameter order: resistivities, thicknesses, anisotropy coefficients, calibration factors
               EP1     EP2     EP3     EP4     EP5     EP6     EP7     EP8     EP9     EP10    EP11    EP12    EP13    EP14    EP15
  PAR 1   0.183  -0.450   0.823  -0.296   0.007  -0.001   0.003  -0.000   0.000   0.000   0.000   0.000   0.000   0.000   0.000
  PAR 2   0.569   0.709   0.117  -0.398   0.018  -0.002   0.008  -0.001   0.000  -0.000  -0.000  -0.000  -0.000  -0.000  -0.000
  PAR 3   0.002   0.016   0.024   0.051   0.330  -0.355  -0.148   0.857  -0.064   0.000   0.000   0.000   0.000   0.000   0.000
  PAR 4  -0.007  -0.009  -0.005   0.015   0.643   0.256   0.721  -0.017   0.004   0.000   0.000   0.000   0.000   0.000   0.000
  PAR 5  -0.000  -0.000  -0.000  -0.000  -0.006  -0.018   0.015  -0.076  -0.997   0.000   0.000   0.000   0.000   0.000   0.000
  PAR 6   0.799  -0.431  -0.311   0.283  -0.005   0.001  -0.001   0.000  -0.000   0.000   0.000   0.000   0.000   0.000   0.000
  PAR 7  -0.068  -0.330  -0.460  -0.818   0.049  -0.024  -0.026   0.034  -0.003   0.000   0.000   0.000   0.000   0.000   0.000
  PAR 8  -0.001   0.005   0.012   0.035   0.643  -0.383  -0.450  -0.484   0.033   0.000   0.000   0.000   0.000   0.000   0.000
  PAR 9   0.002   0.004   0.005   0.008   0.247   0.812  -0.505   0.151  -0.036   0.000   0.000   0.000   0.000   0.000   0.000
  PAR 10   0.000   0.000   0.000   0.000   0.000   0.000   0.000   0.000   0.000   1.000   0.000   0.000   0.000   0.000   0.000
  PAR 11   0.000   0.000   0.000   0.000   0.000   0.000   0.000   0.000   0.000   0.000   1.000   0.000   0.000   0.000   0.000
  PAR 12   0.000   0.000   0.000   0.000   0.000   0.000   0.000   0.000   0.000   0.000   0.000   1.000   0.000   0.000   0.000
  PAR 13   0.000   0.000   0.000   0.000   0.000   0.000   0.000   0.000   0.000   0.000   0.000   0.000   1.000   0.000   0.000
  PAR 14   0.000   0.000   0.000   0.000   0.000   0.000   0.000   0.000   0.000   0.000   0.000   0.000   0.000   1.000   0.000
  PAR 15   0.000   0.000   0.000   0.000   0.000   0.000   0.000   0.000   0.000   0.000   0.000   0.000   0.000   0.000   1.000
 Damping factors (10.000 percent level)
              1.000   0.998   0.987   0.910   0.000   0.000   0.000   0.000   0.000   0.000   0.000   0.000   0.000   0.000   0.000
 Correlation matrix
    1     1.000   0.908  -0.419   0.810  -0.168  -0.741  -0.483   0.288  -0.644   0.000   0.000   0.000
          0.000   0.000   0.000
    2     0.908   1.000  -0.528   0.877  -0.207  -0.655  -0.595   0.386  -0.751   0.000   0.000   0.000
          0.000   0.000   0.000
    3    -0.419  -0.528   1.000  -0.201   0.293   0.061   0.995  -0.978   0.784   0.000   0.000   0.000
          0.000   0.000   0.000
    4     0.810   0.877  -0.201   1.000  -0.124  -0.555  -0.294   0.007  -0.456   0.000   0.000   0.000
          0.000   0.000   0.000
    5    -0.168  -0.207   0.293  -0.124   1.000   0.134   0.299  -0.266   0.626   0.000   0.000   0.000
          0.000   0.000   0.000
    6    -0.741  -0.655   0.061  -0.555   0.134   1.000   0.103   0.017   0.360   0.000   0.000   0.000
          0.000   0.000   0.000
    7    -0.483  -0.595   0.995  -0.294   0.299   0.103   1.000  -0.953   0.808   0.000   0.000   0.000
          0.000   0.000   0.000
    8     0.288   0.386  -0.978   0.007  -0.266   0.017  -0.953   1.000  -0.729   0.000   0.000   0.000
          0.000   0.000   0.000
    9    -0.644  -0.751   0.784  -0.456   0.626   0.360   0.808  -0.729   1.000   0.000   0.000   0.000
          0.000   0.000   0.000
   10     0.000   0.000   0.000   0.000   0.000   0.000   0.000   0.000   0.000   1.000   0.000   0.000
          0.000   0.000   0.000
   11     0.000   0.000   0.000   0.000   0.000   0.000   0.000   0.000   0.000   0.000   1.000   0.000
          0.000   0.000   0.000
   12     0.000   0.000   0.000   0.000   0.000   0.000   0.000   0.000   0.000   0.000   0.000   1.000
          0.000   0.000   0.000
   13     0.000   0.000   0.000   0.000   0.000   0.000   0.000   0.000   0.000   0.000   0.000   0.000
          1.000   0.000   0.000
   14     0.000   0.000   0.000   0.000   0.000   0.000   0.000   0.000   0.000   0.000   0.000   0.000
          0.000   1.000   0.000
   15     0.000   0.000   0.000   0.000   0.000   0.000   0.000   0.000   0.000   0.000   0.000   0.000
          0.000   0.000   1.000
 Damped error multipliers for transformed parameters
    0.473E-02  0.952E-02  0.159E-01  0.242E-01   0.00       0.00       0.00       0.00       0.00       0.00    
     0.00       0.00       0.00       0.00       0.00    
 Damping factors for original parameters
    0.983      0.985      0.542E-01  0.183E-01  0.259E-03  0.991      0.935      0.342E-01  0.101E-01   0.00    
     0.00       0.00       0.00       0.00       0.00    
 Back - transformed singular values
    0.380      0.674      0.142E-01  0.976E-02  0.979E-04  0.833      0.266      0.848E-02  0.391E-02   0.00    
     0.00       0.00       0.00       0.00       0.00    
 Damped Cramer-Rao multipliers for original parameters
    0.156E-01  0.122E-01  0.129E-02  0.374E-03  0.570E-05  0.101E-01  0.213E-01  0.866E-03  0.216E-03   0.00    
     0.00       0.00       0.00       0.00       0.00    

 ************************************
 *                                  *
 * "Error Bounds" for Depth to Base *
 *                                  *
 ************************************
 pingo--1
   Layer resistivities  -  68 percent confidence interval (damped)
     I           RO(I)        BOUND(1)       BOUND(2)        IMPORTANCE
     1          17.5808        16.7467        18.4564         0.9830
     2           2.6650         2.5653         2.7685         0.9850
     3          13.9173        13.8613        13.9735         0.0542
     4          10.3206        10.3086        10.3327         0.0183
     5         100.6303       100.6285       100.6321         0.0003
   Layer depths (to base)  -  68 percent confidence interval (damped)
     I           Z(I)         BOUND(1)       BOUND(2)        IMPORTANCE
     1          11.5625        11.2029        11.9337         0.9914
     2          37.1711        34.7757        39.7314         0.9350
     3          52.2785        52.1372        52.4201         0.0342
     4         132.3044       132.2152       132.3936         0.0101
   anisotropy coefficients -  68 percent confidence interval (damped)
     I       ROv/ROh(I)       BOUND(1)       BOUND(2)        IMPORTANCE
     1           1.0000         1.0000         1.0000         0.0000
     2           1.0000         1.0000         1.0000         0.0000
     3           1.0000         1.0000         1.0000         0.0000
     4           1.0000         1.0000         1.0000         0.0000
     5           1.0000         1.0000         1.0000         0.0000
